<?xml version="1.0" encoding="UTF-8"?>
<!-- Generated by org.testng.reporters.JUnitReportReporter -->
<testsuite hostname="DESKTOP-2IKIL1I" failures="0" tests="1" name="ExtentReport" time="6.382" errors="0" timestamp="2023-06-27T14:06:48 IST" skipped="0">
  <testcase classname="ExtentReport" name="InitialDemo" time="6.382"/>
</testsuite> <!-- ExtentReport -->
